<?xml version="1.0" encoding="UTF-8" standalone="no"?>
<testsuite errors="0" failures="0" name="io.cucumber.core.plugin.JUnitFormatter" skipped="0" tests="1" time="10.166">
<testcase classname="Регистрация на сайте Сбербанка" name="Ввод неверного логина и пароля и последующая регистрация" time="10.043">
<system-out><![CDATA[Дано Загружена главная страница.............................................passed
И в поле логина введено значение "Логин94"..................................passed
И в поле пароля введено значение "Пароль94".................................passed
И выполнено нажатие на кнопку Войти.........................................passed
И выполнено ожидание в течение 1 секунд.....................................passed
И Ошибка входа неверный логин иили пароль...................................passed
И выполнено нажатие на кнопку Регистраия....................................passed
И выполнено ожидание в течение 2 секунд.....................................passed
И Загружена страница регистрации............................................passed
И в поле номера карты введено значение "4817760132907787"...................passed
И выполнено нажатие на кнопку Продолжить....................................passed
И выполнено ожидание в течение 2 секунд.....................................passed
И Загружена страница подтверждения регистрации смс кодом....................passed
]]></system-out>
</testcase>
</testsuite>
